<?xml version="1.0" encoding="UTF-8"?>
<!-- Generated by org.testng.reporters.JUnitReportReporter -->
<testsuite hostname="LAPTOP-ML17SCL7" failures="0" tests="1" name="com.SauceDemo.TestPackage.TC03_AddAllProdToCart" time="2.068" errors="0" timestamp="2023-01-04T14:03:45 IST" skipped="0">
  <testcase classname="com.SauceDemo.TestPackage.TC03_AddAllProdToCart" name="addAllProdtoCart" time="2.068"/>
  <system-out/>
</testsuite> <!-- com.SauceDemo.TestPackage.TC03_AddAllProdToCart -->
